{
  "stats": {
    "suites": 1,
    "tests": 14,
    "passes": 11,
    "pending": 0,
    "failures": 3,
    "start": "2020-04-16T10:26:11.895Z",
    "end": "2020-04-16T10:31:02.036Z",
    "duration": 290141,
    "testsRegistered": 14,
    "passPercent": 78.57142857142857,
    "pendingPercent": 0,
    "other": 0,
    "hasOther": false,
    "skipped": 0,
    "hasSkipped": false
  },
  "results": [
    {
      "uuid": "4c384aaf-5fd4-44d6-9437-f2d95ed902ce",
      "title": "",
      "fullFile": "cypress/integration/10Travlr/Smoke Test.spec.js",
      "file": "cypress/integration/10Travlr/Smoke Test.spec.js",
      "beforeHooks": [],
      "afterHooks": [],
      "tests": [],
      "suites": [
        {
          "uuid": "2973e860-ef2a-4d62-a31b-d5008bb96cb5",
          "title": "Smoke Test 10Travlr",
          "fullFile": "",
          "file": "",
          "beforeHooks": [],
          "afterHooks": [],
          "tests": [
            {
              "title": "Accessing Homepage",
              "fullTitle": "Smoke Test 10Travlr Accessing Homepage",
              "timedOut": null,
              "duration": 30194,
              "state": "passed",
              "speed": "slow",
              "pass": true,
              "fail": false,
              "pending": false,
              "context": null,
              "code": "cy.Homepage();",
              "err": {},
              "uuid": "28af4920-3015-415e-b695-5a8d3e88b698",
              "parentUUID": "2973e860-ef2a-4d62-a31b-d5008bb96cb5",
              "isHook": false,
              "skipped": false
            },
            {
              "title": "Header & Footer Details",
              "fullTitle": "Smoke Test 10Travlr Header & Footer Details",
              "timedOut": null,
              "duration": 5254,
              "state": "passed",
              "speed": "slow",
              "pass": true,
              "fail": false,
              "pending": false,
              "context": null,
              "code": "cy.Header();\ncy.Footer();",
              "err": {},
              "uuid": "5f682e67-9bd3-42ca-8e4b-da2941ed639e",
              "parentUUID": "2973e860-ef2a-4d62-a31b-d5008bb96cb5",
              "isHook": false,
              "skipped": false
            },
            {
              "title": "Accessing Shortlists",
              "fullTitle": "Smoke Test 10Travlr Accessing Shortlists",
              "timedOut": null,
              "duration": 9162,
              "state": "passed",
              "speed": "slow",
              "pass": true,
              "fail": false,
              "pending": false,
              "context": null,
              "code": "cy.Shortlist();",
              "err": {},
              "uuid": "4285fb66-ba3d-4aeb-ac75-f98fc7ebc81f",
              "parentUUID": "2973e860-ef2a-4d62-a31b-d5008bb96cb5",
              "isHook": false,
              "skipped": false
            },
            {
              "title": "Accessing Discover",
              "fullTitle": "Smoke Test 10Travlr Accessing Discover",
              "timedOut": null,
              "duration": 14594,
              "state": "passed",
              "speed": "slow",
              "pass": true,
              "fail": false,
              "pending": false,
              "context": null,
              "code": "cy.Discover();",
              "err": {},
              "uuid": "aa53bc1f-cbf8-49ac-b318-e7e159f29d6e",
              "parentUUID": "2973e860-ef2a-4d62-a31b-d5008bb96cb5",
              "isHook": false,
              "skipped": false
            },
            {
              "title": "Accessing Trips",
              "fullTitle": "Smoke Test 10Travlr Accessing Trips",
              "timedOut": null,
              "duration": 17975,
              "state": "passed",
              "speed": "slow",
              "pass": true,
              "fail": false,
              "pending": false,
              "context": null,
              "code": "cy.Trips();",
              "err": {},
              "uuid": "26f1261d-77b1-4416-b2f8-b29c4afadd71",
              "parentUUID": "2973e860-ef2a-4d62-a31b-d5008bb96cb5",
              "isHook": false,
              "skipped": false
            },
            {
              "title": "Accessing Articles",
              "fullTitle": "Smoke Test 10Travlr Accessing Articles",
              "timedOut": null,
              "duration": 13732,
              "state": "passed",
              "speed": "slow",
              "pass": true,
              "fail": false,
              "pending": false,
              "context": null,
              "code": "cy.Articles();",
              "err": {},
              "uuid": "4904331b-9d12-41c6-bd11-3e9d087f14dd",
              "parentUUID": "2973e860-ef2a-4d62-a31b-d5008bb96cb5",
              "isHook": false,
              "skipped": false
            },
            {
              "title": "Accessing Activities",
              "fullTitle": "Smoke Test 10Travlr Accessing Activities",
              "timedOut": null,
              "duration": 34422,
              "state": "failed",
              "speed": null,
              "pass": false,
              "fail": true,
              "pending": false,
              "context": null,
              "code": "cy.Activities();",
              "err": {
                "message": "CypressError: `cy.screenshot()` timed out waiting `30000ms` to complete.",
                "estack": "CypressError: `cy.screenshot()` timed out waiting `30000ms` to complete.\n    at cypressErr (https://www.10travlr.com.au/__cypress/runner/cypress_runner.js:146259:16)\n    at cypressErrByPath (https://www.10travlr.com.au/__cypress/runner/cypress_runner.js:146268:10)\n    at Object.throwErrByPath (https://www.10travlr.com.au/__cypress/runner/cypress_runner.js:146231:11)\n    at https://www.10travlr.com.au/__cypress/runner/cypress_runner.js:135551:24\n    at tryCatcher (https://www.10travlr.com.au/__cypress/runner/cypress_runner.js:9059:23)\n    at https://www.10travlr.com.au/__cypress/runner/cypress_runner.js:4181:41\n    at tryCatcher (https://www.10travlr.com.au/__cypress/runner/cypress_runner.js:9059:23)\n    at Promise._settlePromiseFromHandler (https://www.10travlr.com.au/__cypress/runner/cypress_runner.js:6994:31)\n    at Promise._settlePromise (https://www.10travlr.com.au/__cypress/runner/cypress_runner.js:7051:18)\n    at Promise._settlePromise0 (https://www.10travlr.com.au/__cypress/runner/cypress_runner.js:7096:10)\n    at Promise._settlePromises (https://www.10travlr.com.au/__cypress/runner/cypress_runner.js:7172:18)\n    at _drainQueueStep (https://www.10travlr.com.au/__cypress/runner/cypress_runner.js:3766:12)\n    at _drainQueue (https://www.10travlr.com.au/__cypress/runner/cypress_runner.js:3759:9)\n    at Async.../../node_modules/bluebird/js/release/async.js.Async._drainQueues (https://www.10travlr.com.au/__cypress/runner/cypress_runner.js:3775:5)\n    at Async.drainQueues (https://www.10travlr.com.au/__cypress/runner/cypress_runner.js:3645:14)",
                "diff": null
              },
              "uuid": "8056545f-eb44-4135-b84a-b8ad77afc12a",
              "parentUUID": "2973e860-ef2a-4d62-a31b-d5008bb96cb5",
              "isHook": false,
              "skipped": false
            },
            {
              "title": "Accessing Deals & Offers",
              "fullTitle": "Smoke Test 10Travlr Accessing Deals & Offers",
              "timedOut": null,
              "duration": 34585,
              "state": "failed",
              "speed": null,
              "pass": false,
              "fail": true,
              "pending": false,
              "context": null,
              "code": "cy.DealsAndOffers();",
              "err": {
                "message": "CypressError: `cy.screenshot()` timed out waiting `30000ms` to complete.",
                "estack": "CypressError: `cy.screenshot()` timed out waiting `30000ms` to complete.\n    at cypressErr (https://www.10travlr.com.au/__cypress/runner/cypress_runner.js:146259:16)\n    at cypressErrByPath (https://www.10travlr.com.au/__cypress/runner/cypress_runner.js:146268:10)\n    at Object.throwErrByPath (https://www.10travlr.com.au/__cypress/runner/cypress_runner.js:146231:11)\n    at https://www.10travlr.com.au/__cypress/runner/cypress_runner.js:135551:24\n    at tryCatcher (https://www.10travlr.com.au/__cypress/runner/cypress_runner.js:9059:23)\n    at https://www.10travlr.com.au/__cypress/runner/cypress_runner.js:4181:41\n    at tryCatcher (https://www.10travlr.com.au/__cypress/runner/cypress_runner.js:9059:23)\n    at Promise._settlePromiseFromHandler (https://www.10travlr.com.au/__cypress/runner/cypress_runner.js:6994:31)\n    at Promise._settlePromise (https://www.10travlr.com.au/__cypress/runner/cypress_runner.js:7051:18)\n    at Promise._settlePromise0 (https://www.10travlr.com.au/__cypress/runner/cypress_runner.js:7096:10)\n    at Promise._settlePromises (https://www.10travlr.com.au/__cypress/runner/cypress_runner.js:7172:18)\n    at _drainQueueStep (https://www.10travlr.com.au/__cypress/runner/cypress_runner.js:3766:12)\n    at _drainQueue (https://www.10travlr.com.au/__cypress/runner/cypress_runner.js:3759:9)\n    at Async.../../node_modules/bluebird/js/release/async.js.Async._drainQueues (https://www.10travlr.com.au/__cypress/runner/cypress_runner.js:3775:5)\n    at Async.drainQueues (https://www.10travlr.com.au/__cypress/runner/cypress_runner.js:3645:14)",
                "diff": null
              },
              "uuid": "8b59e5f8-8846-4311-88b0-f77c78e875a8",
              "parentUUID": "2973e860-ef2a-4d62-a31b-d5008bb96cb5",
              "isHook": false,
              "skipped": false
            },
            {
              "title": "Accessing Health & Beauty",
              "fullTitle": "Smoke Test 10Travlr Accessing Health & Beauty",
              "timedOut": null,
              "duration": 34078,
              "state": "failed",
              "speed": null,
              "pass": false,
              "fail": true,
              "pending": false,
              "context": null,
              "code": "cy.HealthAndBeauty();",
              "err": {
                "message": "CypressError: `cy.screenshot()` timed out waiting `30000ms` to complete.",
                "estack": "CypressError: `cy.screenshot()` timed out waiting `30000ms` to complete.\n    at cypressErr (https://www.10travlr.com.au/__cypress/runner/cypress_runner.js:146259:16)\n    at cypressErrByPath (https://www.10travlr.com.au/__cypress/runner/cypress_runner.js:146268:10)\n    at Object.throwErrByPath (https://www.10travlr.com.au/__cypress/runner/cypress_runner.js:146231:11)\n    at https://www.10travlr.com.au/__cypress/runner/cypress_runner.js:135551:24\n    at tryCatcher (https://www.10travlr.com.au/__cypress/runner/cypress_runner.js:9059:23)\n    at https://www.10travlr.com.au/__cypress/runner/cypress_runner.js:4181:41\n    at tryCatcher (https://www.10travlr.com.au/__cypress/runner/cypress_runner.js:9059:23)\n    at Promise._settlePromiseFromHandler (https://www.10travlr.com.au/__cypress/runner/cypress_runner.js:6994:31)\n    at Promise._settlePromise (https://www.10travlr.com.au/__cypress/runner/cypress_runner.js:7051:18)\n    at Promise._settlePromise0 (https://www.10travlr.com.au/__cypress/runner/cypress_runner.js:7096:10)\n    at Promise._settlePromises (https://www.10travlr.com.au/__cypress/runner/cypress_runner.js:7172:18)\n    at _drainQueueStep (https://www.10travlr.com.au/__cypress/runner/cypress_runner.js:3766:12)\n    at _drainQueue (https://www.10travlr.com.au/__cypress/runner/cypress_runner.js:3759:9)\n    at Async.../../node_modules/bluebird/js/release/async.js.Async._drainQueues (https://www.10travlr.com.au/__cypress/runner/cypress_runner.js:3775:5)\n    at Async.drainQueues (https://www.10travlr.com.au/__cypress/runner/cypress_runner.js:3645:14)",
                "diff": null
              },
              "uuid": "92900b96-921e-415f-b2f9-ba0d8238f8e5",
              "parentUUID": "2973e860-ef2a-4d62-a31b-d5008bb96cb5",
              "isHook": false,
              "skipped": false
            },
            {
              "title": "Accessing Events",
              "fullTitle": "Smoke Test 10Travlr Accessing Events",
              "timedOut": null,
              "duration": 9340,
              "state": "passed",
              "speed": "slow",
              "pass": true,
              "fail": false,
              "pending": false,
              "context": null,
              "code": "cy.Events();",
              "err": {},
              "uuid": "6f8fe5e6-565f-4fc1-842d-79b46edf4760",
              "parentUUID": "2973e860-ef2a-4d62-a31b-d5008bb96cb5",
              "isHook": false,
              "skipped": false
            },
            {
              "title": "Accessing Venue",
              "fullTitle": "Smoke Test 10Travlr Accessing Venue",
              "timedOut": null,
              "duration": 28324,
              "state": "passed",
              "speed": "slow",
              "pass": true,
              "fail": false,
              "pending": false,
              "context": null,
              "code": "cy.Venue();",
              "err": {},
              "uuid": "7fcf7d24-d62c-4838-862b-bbcc5780ec1b",
              "parentUUID": "2973e860-ef2a-4d62-a31b-d5008bb96cb5",
              "isHook": false,
              "skipped": false
            },
            {
              "title": "Login",
              "fullTitle": "Smoke Test 10Travlr Login",
              "timedOut": null,
              "duration": 23863,
              "state": "passed",
              "speed": "slow",
              "pass": true,
              "fail": false,
              "pending": false,
              "context": null,
              "code": "cy.Login();",
              "err": {},
              "uuid": "c37cf5d4-c183-49e4-a0a1-e77ac4b1d898",
              "parentUUID": "2973e860-ef2a-4d62-a31b-d5008bb96cb5",
              "isHook": false,
              "skipped": false
            },
            {
              "title": "Accessing Booking & Deals",
              "fullTitle": "Smoke Test 10Travlr Accessing Booking & Deals",
              "timedOut": null,
              "duration": 15621,
              "state": "passed",
              "speed": "slow",
              "pass": true,
              "fail": false,
              "pending": false,
              "context": null,
              "code": "cy.BookingAndDeals();",
              "err": {},
              "uuid": "a5f728aa-5250-40f5-92b2-d222beb6c950",
              "parentUUID": "2973e860-ef2a-4d62-a31b-d5008bb96cb5",
              "isHook": false,
              "skipped": false
            },
            {
              "title": "Accessing My Shortlists",
              "fullTitle": "Smoke Test 10Travlr Accessing My Shortlists",
              "timedOut": null,
              "duration": 18107,
              "state": "passed",
              "speed": "slow",
              "pass": true,
              "fail": false,
              "pending": false,
              "context": null,
              "code": "cy.MyShortlists();",
              "err": {},
              "uuid": "7058f20c-e8db-4dba-a1d8-e299b41d6a97",
              "parentUUID": "2973e860-ef2a-4d62-a31b-d5008bb96cb5",
              "isHook": false,
              "skipped": false
            }
          ],
          "suites": [],
          "passes": [
            "28af4920-3015-415e-b695-5a8d3e88b698",
            "5f682e67-9bd3-42ca-8e4b-da2941ed639e",
            "4285fb66-ba3d-4aeb-ac75-f98fc7ebc81f",
            "aa53bc1f-cbf8-49ac-b318-e7e159f29d6e",
            "26f1261d-77b1-4416-b2f8-b29c4afadd71",
            "4904331b-9d12-41c6-bd11-3e9d087f14dd",
            "6f8fe5e6-565f-4fc1-842d-79b46edf4760",
            "7fcf7d24-d62c-4838-862b-bbcc5780ec1b",
            "c37cf5d4-c183-49e4-a0a1-e77ac4b1d898",
            "a5f728aa-5250-40f5-92b2-d222beb6c950",
            "7058f20c-e8db-4dba-a1d8-e299b41d6a97"
          ],
          "failures": [
            "8056545f-eb44-4135-b84a-b8ad77afc12a",
            "8b59e5f8-8846-4311-88b0-f77c78e875a8",
            "92900b96-921e-415f-b2f9-ba0d8238f8e5"
          ],
          "pending": [],
          "skipped": [],
          "duration": 289251,
          "root": false,
          "rootEmpty": false,
          "_timeout": 2000
        }
      ],
      "passes": [],
      "failures": [],
      "pending": [],
      "skipped": [],
      "duration": 0,
      "root": true,
      "rootEmpty": true,
      "_timeout": 2000
    }
  ],
  "meta": {
    "mocha": {
      "version": "7.1.1"
    },
    "mochawesome": {
      "options": {
        "quiet": true,
        "reportFilename": "mochawesome",
        "saveHtml": false,
        "saveJson": true,
        "consoleReporter": "spec",
        "useInlineDiffs": false,
        "code": true
      },
      "version": "6.1.0"
    },
    "marge": {
      "options": {
        "id": "default",
        "reportDir": "cypress/reports/mocha",
        "quiet": true,
        "overwrite": false,
        "html": false,
        "json": true
      },
      "version": "5.1.0"
    }
  }
}